<?xml version="1.0" encoding="UTF-8"?>
<testng-results skipped="0" failed="0" ignored="0" total="3" passed="3">
  <reporter-output>
  </reporter-output>
  <suite name="Suite" duration-ms="2684" started-at="2019-11-14T23:07:02Z" finished-at="2019-11-14T23:07:05Z">
    <groups>
    </groups>
    <test name="Test" duration-ms="2684" started-at="2019-11-14T23:07:02Z" finished-at="2019-11-14T23:07:05Z">
      <class name="restAssuredAutomation.Movie_GET_MovieDetailsWithID">
        <test-method status="PASS" signature="GetMovieDetailsWithID()[pri:3, instance:restAssuredAutomation.Movie_GET_MovieDetailsWithID@27efef64]" name="GetMovieDetailsWithID" duration-ms="311" started-at="2019-11-14T23:07:05Z" finished-at="2019-11-14T23:07:05Z">
          <reporter-output>
          </reporter-output>
        </test-method> <!-- GetMovieDetailsWithID -->
      </class> <!-- restAssuredAutomation.Movie_GET_MovieDetailsWithID -->
      <class name="restAssuredAutomation.Movie_GET_ID">
        <test-method status="PASS" signature="GetMovieID()[pri:2, instance:restAssuredAutomation.Movie_GET_ID@ae45eb6]" name="GetMovieID" duration-ms="782" started-at="2019-11-14T23:07:04Z" finished-at="2019-11-14T23:07:05Z">
          <reporter-output>
          </reporter-output>
        </test-method> <!-- GetMovieID -->
      </class> <!-- restAssuredAutomation.Movie_GET_ID -->
      <class name="restAssuredAutomation.Movie_GET_Request">
        <test-method status="PASS" signature="getCheckServerStatus()[pri:1, instance:restAssuredAutomation.Movie_GET_Request@59f99ea]" name="getCheckServerStatus" duration-ms="1529" started-at="2019-11-14T23:07:02Z" finished-at="2019-11-14T23:07:04Z">
          <reporter-output>
          </reporter-output>
        </test-method> <!-- getCheckServerStatus -->
      </class> <!-- restAssuredAutomation.Movie_GET_Request -->
    </test> <!-- Test -->
  </suite> <!-- Suite -->
</testng-results>
