<?xml version="1.0" encoding="UTF-8"?>
<testng-results skipped="0" failed="0" ignored="0" total="3" passed="3">
  <reporter-output>
  </reporter-output>
  <suite name="Suite" duration-ms="2856" started-at="2019-11-14T17:50:51Z" finished-at="2019-11-14T17:50:54Z">
    <groups>
    </groups>
    <test name="Test" duration-ms="2856" started-at="2019-11-14T17:50:51Z" finished-at="2019-11-14T17:50:54Z">
      <class name="restAssuredAutomation.Movie_GET_MovieDetailsWithID">
        <test-method status="PASS" signature="GetMovieDetailsWithID()[pri:0, instance:restAssuredAutomation.Movie_GET_MovieDetailsWithID@27efef64]" name="GetMovieDetailsWithID" duration-ms="281" started-at="2019-11-14T17:50:54Z" finished-at="2019-11-14T17:50:54Z">
          <reporter-output>
          </reporter-output>
        </test-method> <!-- GetMovieDetailsWithID -->
      </class> <!-- restAssuredAutomation.Movie_GET_MovieDetailsWithID -->
      <class name="restAssuredAutomation.Movie_GET_ID">
        <test-method status="PASS" signature="GetMovieID()[pri:0, instance:restAssuredAutomation.Movie_GET_ID@59f99ea]" name="GetMovieID" duration-ms="809" started-at="2019-11-14T17:50:53Z" finished-at="2019-11-14T17:50:54Z">
          <reporter-output>
          </reporter-output>
        </test-method> <!-- GetMovieID -->
      </class> <!-- restAssuredAutomation.Movie_GET_ID -->
      <class name="restAssuredAutomation.Movie_GET_Request">
        <test-method status="PASS" signature="getCheckServerStatus()[pri:0, instance:restAssuredAutomation.Movie_GET_Request@ae45eb6]" name="getCheckServerStatus" duration-ms="1725" started-at="2019-11-14T17:50:51Z" finished-at="2019-11-14T17:50:53Z">
          <reporter-output>
          </reporter-output>
        </test-method> <!-- getCheckServerStatus -->
      </class> <!-- restAssuredAutomation.Movie_GET_Request -->
    </test> <!-- Test -->
  </suite> <!-- Suite -->
</testng-results>
