<?xml version="1.0" encoding="UTF-8"?>
<!-- Generated by org.testng.reporters.JUnitXMLReporter -->
<testsuite hostname="DESKTOP-G097PNA" ignored="0" name="Test" tests="3" failures="0" timestamp="14 Kas 2019 23:07:05 GMT" time="2.684" errors="0">
  <testcase name="getCheckServerStatus" time="1.529" classname="restAssuredAutomation.Movie_GET_Request"/>
  <testcase name="GetMovieID" time="0.782" classname="restAssuredAutomation.Movie_GET_ID"/>
  <testcase name="GetMovieDetailsWithID" time="0.311" classname="restAssuredAutomation.Movie_GET_MovieDetailsWithID"/>
</testsuite> <!-- Test -->
